<?xml version="1.0" encoding="UTF-8"?>
<!-- Generated by org.testng.reporters.JUnitReportReporter -->
<testsuite skipped="0" hostname="DESKTOP-48875A8" name="capsulecrm.ConfigurationTest" tests="2" failures="0" timestamp="30 Sep 2019 12:53:33 GMT" time="1.326" errors="0">
  <testcase name="titleAccount" time="0.083" classname="capsulecrm.ConfigurationTest"/>
  <testcase name="clickAccountSettings" time="1.243" classname="capsulecrm.ConfigurationTest"/>
</testsuite> <!-- capsulecrm.ConfigurationTest -->
