<?xml version="1.0" encoding="UTF-8"?>
<!-- Generated by org.testng.reporters.JUnitReportReporter -->
<testsuite skipped="0" hostname="DESKTOP-48875A8" name="capsulecrm.ConfigurationTest" tests="1" failures="0" timestamp="28 Sep 2019 05:21:21 GMT" time="1.586" errors="0">
  <testcase name="clickAccountSettings" time="1.586" classname="capsulecrm.ConfigurationTest"/>
</testsuite> <!-- capsulecrm.ConfigurationTest -->
